<?xml version="1.0" encoding="UTF-8"?>
<robot generator="Robot 7.0.1 (Python 3.12.4 on win32)" generated="2024-08-19T19:45:31.615714" rpa="false" schemaversion="5">
<suite id="s1" name="Bac Dados" source="C:\Users\augus_q5w6aqg\Desktop\Automação_HG\bac_dados">
<suite id="s1-s1" name="Dados" source="C:\Users\augus_q5w6aqg\Desktop\Automação_HG\bac_dados\Dados.robot">
<test id="s1-s1-t1" name="Cenario 1 Cadastro bem sucedido" line="88">
<kw name="abrir chrome e acessar site">
<kw name="Open Browser" owner="SeleniumLibrary">
<msg time="2024-08-19T19:45:32.234686" level="INFO">Opening browser 'chrome' to base url 'https://pbstech.net/projetos/ludiwin-v2/'.</msg>
<arg>https://pbstech.net/projetos/ludiwin-v2/</arg>
<arg>chrome</arg>
<doc>Opens a new browser instance to the optional ``url``.</doc>
<status status="PASS" start="2024-08-19T19:45:32.234686" elapsed="5.935527"/>
</kw>
<kw name="Maximize Browser Window" owner="SeleniumLibrary">
<doc>Maximizes current browser window.</doc>
<status status="PASS" start="2024-08-19T19:45:38.171190" elapsed="0.131679"/>
</kw>
<kw name="Capture Page Screenshot" owner="SeleniumLibrary">
<msg time="2024-08-19T19:45:38.690456" level="INFO" html="true">&lt;/td&gt;&lt;/tr&gt;&lt;tr&gt;&lt;td colspan="3"&gt;&lt;a href="selenium-screenshot-1.png"&gt;&lt;img src="selenium-screenshot-1.png" width="800px"&gt;&lt;/a&gt;</msg>
<doc>Takes a screenshot of the current page and embeds it into a log file.</doc>
<status status="PASS" start="2024-08-19T19:45:38.303846" elapsed="0.386610"/>
</kw>
<kw name="Click Element" owner="SeleniumLibrary">
<msg time="2024-08-19T19:45:38.692408" level="INFO">Clicking element '//html/body/nav/div/div/form/a[2]'.</msg>
<arg>${button_criar}</arg>
<doc>Click the element identified by ``locator``.</doc>
<status status="PASS" start="2024-08-19T19:45:38.691432" elapsed="0.378802"/>
</kw>
<status status="PASS" start="2024-08-19T19:45:32.232733" elapsed="6.838478"/>
</kw>
<kw name="preencher campos">
<kw name="Capture Page Screenshot" owner="SeleniumLibrary">
<msg time="2024-08-19T19:45:39.533806" level="INFO" html="true">&lt;/td&gt;&lt;/tr&gt;&lt;tr&gt;&lt;td colspan="3"&gt;&lt;a href="selenium-screenshot-2.png"&gt;&lt;img src="selenium-screenshot-2.png" width="800px"&gt;&lt;/a&gt;</msg>
<doc>Takes a screenshot of the current page and embeds it into a log file.</doc>
<status status="PASS" start="2024-08-19T19:45:39.073162" elapsed="0.460644"/>
</kw>
<kw name="Input Text" owner="SeleniumLibrary">
<msg time="2024-08-19T19:45:39.534784" level="INFO">Typing text 'zenimguem@gmail.com' into text field '//input[@id="email"]'.</msg>
<arg>${input_email}</arg>
<arg>zenimguem@gmail.com</arg>
<doc>Types the given ``text`` into the text field identified by ``locator``.</doc>
<status status="PASS" start="2024-08-19T19:45:39.533806" elapsed="0.223705"/>
</kw>
<kw name="Capture Page Screenshot" owner="SeleniumLibrary">
<msg time="2024-08-19T19:45:40.049784" level="INFO" html="true">&lt;/td&gt;&lt;/tr&gt;&lt;tr&gt;&lt;td colspan="3"&gt;&lt;a href="selenium-screenshot-3.png"&gt;&lt;img src="selenium-screenshot-3.png" width="800px"&gt;&lt;/a&gt;</msg>
<doc>Takes a screenshot of the current page and embeds it into a log file.</doc>
<status status="PASS" start="2024-08-19T19:45:39.758486" elapsed="0.291298"/>
</kw>
<kw name="Input Text" owner="SeleniumLibrary">
<msg time="2024-08-19T19:45:40.050759" level="INFO">Typing text '123456' into text field '//input[@id="senha"]'.</msg>
<arg>${input_senha}</arg>
<arg>123456</arg>
<doc>Types the given ``text`` into the text field identified by ``locator``.</doc>
<status status="PASS" start="2024-08-19T19:45:40.050759" elapsed="0.177685"/>
</kw>
<kw name="Capture Page Screenshot" owner="SeleniumLibrary">
<msg time="2024-08-19T19:45:40.511818" level="INFO" html="true">&lt;/td&gt;&lt;/tr&gt;&lt;tr&gt;&lt;td colspan="3"&gt;&lt;a href="selenium-screenshot-4.png"&gt;&lt;img src="selenium-screenshot-4.png" width="800px"&gt;&lt;/a&gt;</msg>
<doc>Takes a screenshot of the current page and embeds it into a log file.</doc>
<status status="PASS" start="2024-08-19T19:45:40.228444" elapsed="0.283374"/>
</kw>
<kw name="Input Text" owner="SeleniumLibrary">
<msg time="2024-08-19T19:45:40.512790" level="INFO">Typing text '10072007' into text field '//input[@id="data"]'.</msg>
<arg>${input_data}</arg>
<arg>10072007</arg>
<doc>Types the given ``text`` into the text field identified by ``locator``.</doc>
<status status="PASS" start="2024-08-19T19:45:40.511818" elapsed="0.159577"/>
</kw>
<kw name="Capture Page Screenshot" owner="SeleniumLibrary">
<msg time="2024-08-19T19:45:40.960524" level="INFO" html="true">&lt;/td&gt;&lt;/tr&gt;&lt;tr&gt;&lt;td colspan="3"&gt;&lt;a href="selenium-screenshot-5.png"&gt;&lt;img src="selenium-screenshot-5.png" width="800px"&gt;&lt;/a&gt;</msg>
<doc>Takes a screenshot of the current page and embeds it into a log file.</doc>
<status status="PASS" start="2024-08-19T19:45:40.671395" elapsed="0.289129"/>
</kw>
<kw name="Input Text" owner="SeleniumLibrary">
<msg time="2024-08-19T19:45:40.961500" level="INFO">Typing text '123456' into text field '//input[@id="resenha"]'.</msg>
<arg>${input_resenha}</arg>
<arg>123456</arg>
<doc>Types the given ``text`` into the text field identified by ``locator``.</doc>
<status status="PASS" start="2024-08-19T19:45:40.961500" elapsed="0.142721"/>
</kw>
<kw name="Capture Page Screenshot" owner="SeleniumLibrary">
<msg time="2024-08-19T19:45:41.408429" level="INFO" html="true">&lt;/td&gt;&lt;/tr&gt;&lt;tr&gt;&lt;td colspan="3"&gt;&lt;a href="selenium-screenshot-6.png"&gt;&lt;img src="selenium-screenshot-6.png" width="800px"&gt;&lt;/a&gt;</msg>
<doc>Takes a screenshot of the current page and embeds it into a log file.</doc>
<status status="PASS" start="2024-08-19T19:45:41.104221" elapsed="0.304208"/>
</kw>
<status status="PASS" start="2024-08-19T19:45:39.072187" elapsed="2.337218"/>
</kw>
<kw name="clicar em submit">
<kw name="Click Element" owner="SeleniumLibrary">
<msg time="2024-08-19T19:45:41.411358" level="INFO">Clicking element '//button[@class="btn btn-primario w-100"]'.</msg>
<arg>${button_submit}</arg>
<doc>Click the element identified by ``locator``.</doc>
<status status="PASS" start="2024-08-19T19:45:41.411358" elapsed="0.667785"/>
</kw>
<kw name="Capture Page Screenshot" owner="SeleniumLibrary">
<msg time="2024-08-19T19:45:42.304669" level="INFO" html="true">&lt;/td&gt;&lt;/tr&gt;&lt;tr&gt;&lt;td colspan="3"&gt;&lt;a href="selenium-screenshot-7.png"&gt;&lt;img src="selenium-screenshot-7.png" width="800px"&gt;&lt;/a&gt;</msg>
<doc>Takes a screenshot of the current page and embeds it into a log file.</doc>
<status status="PASS" start="2024-08-19T19:45:42.079143" elapsed="0.225526"/>
</kw>
<status status="PASS" start="2024-08-19T19:45:41.410381" elapsed="0.894288"/>
</kw>
<status status="PASS" start="2024-08-19T19:45:32.231754" elapsed="10.074864"/>
</test>
<test id="s1-s1-t2" name="Cenario 2 Entrar nos dados" line="93">
<kw name="Clicar na pessoa">
<kw name="Click Element" owner="SeleniumLibrary">
<msg time="2024-08-19T19:45:42.309550" level="INFO">Clicking element '//html/body/nav/div/div/div[1]/a'.</msg>
<arg>${button_pessoa}</arg>
<doc>Click the element identified by ``locator``.</doc>
<status status="PASS" start="2024-08-19T19:45:42.309550" elapsed="0.132774"/>
</kw>
<kw name="Capture Page Screenshot" owner="SeleniumLibrary">
<msg time="2024-08-19T19:45:42.661467" level="INFO" html="true">&lt;/td&gt;&lt;/tr&gt;&lt;tr&gt;&lt;td colspan="3"&gt;&lt;a href="selenium-screenshot-8.png"&gt;&lt;img src="selenium-screenshot-8.png" width="800px"&gt;&lt;/a&gt;</msg>
<doc>Takes a screenshot of the current page and embeds it into a log file.</doc>
<status status="PASS" start="2024-08-19T19:45:42.443300" elapsed="0.218167"/>
</kw>
<status status="PASS" start="2024-08-19T19:45:42.309550" elapsed="0.351917"/>
</kw>
<kw name="Clicar no botão de dados">
<kw name="Click Element" owner="SeleniumLibrary">
<msg time="2024-08-19T19:45:42.663420" level="INFO">Clicking element '//html/body/nav/div/div/div[1]/ul/li[1]/a'.</msg>
<arg>${dados_1}</arg>
<doc>Click the element identified by ``locator``.</doc>
<status status="PASS" start="2024-08-19T19:45:42.663420" elapsed="0.381728"/>
</kw>
<kw name="Capture Page Screenshot" owner="SeleniumLibrary">
<msg time="2024-08-19T19:45:43.225104" level="INFO" html="true">&lt;/td&gt;&lt;/tr&gt;&lt;tr&gt;&lt;td colspan="3"&gt;&lt;a href="selenium-screenshot-9.png"&gt;&lt;img src="selenium-screenshot-9.png" width="800px"&gt;&lt;/a&gt;</msg>
<doc>Takes a screenshot of the current page and embeds it into a log file.</doc>
<status status="PASS" start="2024-08-19T19:45:43.046124" elapsed="0.178980"/>
</kw>
<kw name="Sleep" owner="BuiltIn">
<msg time="2024-08-19T19:45:48.226005" level="INFO">Slept 5 seconds.</msg>
<arg>5s</arg>
<doc>Pauses the test executed for the given time.</doc>
<status status="PASS" start="2024-08-19T19:45:43.225104" elapsed="5.000901"/>
</kw>
<status status="PASS" start="2024-08-19T19:45:42.662441" elapsed="5.563564"/>
</kw>
<kw name="Clicar nas informações">
<kw name="Click Element" owner="SeleniumLibrary">
<msg time="2024-08-19T19:45:48.229912" level="INFO">Clicking element '//html/body/main/section/div/div[2]/div[1]/div/ul/li[2]/a'.</msg>
<arg>${dados_2}</arg>
<doc>Click the element identified by ``locator``.</doc>
<status status="PASS" start="2024-08-19T19:45:48.228936" elapsed="0.678523"/>
</kw>
<kw name="Sleep" owner="BuiltIn">
<msg time="2024-08-19T19:45:53.909917" level="INFO">Slept 5 seconds.</msg>
<arg>5s</arg>
<doc>Pauses the test executed for the given time.</doc>
<status status="PASS" start="2024-08-19T19:45:48.908436" elapsed="5.001481"/>
</kw>
<status status="PASS" start="2024-08-19T19:45:48.227959" elapsed="5.681958"/>
</kw>
<kw name="esperar prova">
<kw name="Wait Until Element Is Visible" owner="SeleniumLibrary">
<arg>${r.e}</arg>
<doc>Waits until the element ``locator`` is visible.</doc>
<status status="PASS" start="2024-08-19T19:45:53.911843" elapsed="0.042954"/>
</kw>
<kw name="Capture Page Screenshot" owner="SeleniumLibrary">
<msg time="2024-08-19T19:45:54.101778" level="INFO" html="true">&lt;/td&gt;&lt;/tr&gt;&lt;tr&gt;&lt;td colspan="3"&gt;&lt;a href="selenium-screenshot-10.png"&gt;&lt;img src="selenium-screenshot-10.png" width="800px"&gt;&lt;/a&gt;</msg>
<doc>Takes a screenshot of the current page and embeds it into a log file.</doc>
<status status="PASS" start="2024-08-19T19:45:53.955773" elapsed="0.146982"/>
</kw>
<status status="PASS" start="2024-08-19T19:45:53.910866" elapsed="0.191889"/>
</kw>
<kw name="Fechar Navegador">
<kw name="Close Browser" owner="SeleniumLibrary">
<doc>Closes the current browser.</doc>
<status status="PASS" start="2024-08-19T19:45:54.104709" elapsed="2.856037"/>
</kw>
<status status="PASS" start="2024-08-19T19:45:54.103730" elapsed="2.857016"/>
</kw>
<status status="PASS" start="2024-08-19T19:45:42.308570" elapsed="14.653129"/>
</test>
<status status="PASS" start="2024-08-19T19:45:31.703600" elapsed="25.261272"/>
</suite>
<status status="PASS" start="2024-08-19T19:45:31.620594" elapsed="25.346234"/>
</suite>
<statistics>
<total>
<stat pass="2" fail="0" skip="0">All Tests</stat>
</total>
<tag>
</tag>
<suite>
<stat pass="2" fail="0" skip="0" id="s1" name="Bac Dados">Bac Dados</stat>
<stat pass="2" fail="0" skip="0" id="s1-s1" name="Dados">Bac Dados.Dados</stat>
</suite>
</statistics>
<errors>
</errors>
</robot>
